2019-10-15 01:04:34,982:INFO main (StartupInfoLogger.java:50) - Starting DriverFriendApplication on zdh with PID 61084 (/Users/hunter/Downloads/driverFriend/target/classes started by hunter in /Users/hunter/Downloads/driverFriend)
2019-10-15 01:04:34,987:INFO main (SpringApplication.java:652) - The following profiles are active: local
2019-10-15 01:04:35,327:WARN main (ClassPathMapperScanner.java:166) - No MyBatis mapper was found in '[top.zdhunter.driverFriend]' package. Please check your configuration.
2019-10-15 01:04:35,351:INFO main (RepositoryConfigurationDelegate.java:244) - Multiple Spring Data modules found, entering strict repository configuration mode!
2019-10-15 01:04:35,354:INFO main (RepositoryConfigurationDelegate.java:126) - Bootstrapping Spring Data repositories in DEFAULT mode.
2019-10-15 01:04:35,366:INFO main (RepositoryConfigurationDelegate.java:182) - Finished Spring Data repository scanning in 4ms. Found 0 repository interfaces.
2019-10-15 01:04:35,578:INFO main (PostProcessorRegistrationDelegate.java:330) - Bean 'org.springframework.transaction.annotation.ProxyTransactionManagementConfiguration' of type [org.springframework.transaction.annotation.ProxyTransactionManagementConfiguration$$EnhancerBySpringCGLIB$$97a6f84c] is not eligible for getting processed by all BeanPostProcessors (for example: not eligible for auto-proxying)
2019-10-15 01:04:35,757:INFO main (TomcatWebServer.java:90) - Tomcat initialized with port(s): 6666 (http)
2019-10-15 01:04:35,767:INFO main (DirectJDKLog.java:173) - Initializing ProtocolHandler ["http-nio-6666"]
2019-10-15 01:04:35,773:INFO main (DirectJDKLog.java:173) - Starting service [Tomcat]
2019-10-15 01:04:35,774:INFO main (DirectJDKLog.java:173) - Starting Servlet engine: [Apache Tomcat/9.0.26]
2019-10-15 01:04:35,839:INFO main (DirectJDKLog.java:173) - Initializing Spring embedded WebApplicationContext
2019-10-15 01:04:35,839:INFO main (ServletWebServerApplicationContext.java:284) - Root WebApplicationContext: initialization completed in 823 ms
2019-10-15 01:04:36,094:INFO main (ExecutorConfigurationSupport.java:171) - Initializing ExecutorService 'applicationTaskExecutor'
2019-10-15 01:04:36,713:INFO main (DruidDataSource.java:947) - {dataSource-1} inited
2019-10-15 01:04:37,068:INFO main (StdSchedulerFactory.java:1208) - Using default implementation for ThreadExecutor
2019-10-15 01:04:37,080:INFO main (SchedulerSignalerImpl.java:61) - Initialized Scheduler Signaller of type: class org.quartz.core.SchedulerSignalerImpl
2019-10-15 01:04:37,081:INFO main (QuartzScheduler.java:229) - Quartz Scheduler v.2.3.1 created.
2019-10-15 01:04:37,083:INFO main (JobStoreSupport.java:672) - Using db table-based data access locking (synchronization).
2019-10-15 01:04:37,085:INFO main (JobStoreCMT.java:145) - JobStoreCMT initialized.
2019-10-15 01:04:37,085:INFO main (QuartzScheduler.java:294) - Scheduler meta-data: Quartz Scheduler (v2.3.1) 'quartzScheduler' with instanceId 'NON_CLUSTERED'
  Scheduler class: 'org.quartz.core.QuartzScheduler' - running locally.
  NOT STARTED.
  Currently in standby mode.
  Number of jobs executed: 0
  Using thread pool 'org.quartz.simpl.SimpleThreadPool' - with 10 threads.
  Using job-store 'org.springframework.scheduling.quartz.LocalDataSourceJobStore' - which supports persistence. and is not clustered.

2019-10-15 01:04:37,085:INFO main (StdSchedulerFactory.java:1362) - Quartz scheduler 'quartzScheduler' initialized from an externally provided properties instance.
2019-10-15 01:04:37,085:INFO main (StdSchedulerFactory.java:1366) - Quartz scheduler version: 2.3.1
2019-10-15 01:04:37,086:INFO main (QuartzScheduler.java:2293) - JobFactory set to: org.springframework.scheduling.quartz.SpringBeanJobFactory@40247d48
2019-10-15 01:04:37,140:INFO main (SchedulerFactoryBean.java:727) - Starting Quartz Scheduler now
2019-10-15 01:04:39,167:WARN main (AbstractApplicationContext.java:557) - Exception encountered during context initialization - cancelling refresh attempt: org.springframework.context.ApplicationContextException: Failed to start bean 'quartzScheduler'; nested exception is org.springframework.scheduling.SchedulingException: Could not start Quartz Scheduler; nested exception is org.quartz.SchedulerConfigException: Failure occured during job recovery. [See nested exception: org.quartz.impl.jdbcjobstore.LockException: Failure obtaining db row lock: Table 'driverfriends.qrtz_locks' doesn't exist [See nested exception: java.sql.SQLSyntaxErrorException: Table 'driverfriends.qrtz_locks' doesn't exist]]
2019-10-15 01:04:39,168:INFO main (SchedulerFactoryBean.java:845) - Shutting down Quartz Scheduler
2019-10-15 01:04:39,169:INFO main (QuartzScheduler.java:666) - Scheduler quartzScheduler_$_NON_CLUSTERED shutting down.
2019-10-15 01:04:39,169:INFO main (QuartzScheduler.java:585) - Scheduler quartzScheduler_$_NON_CLUSTERED paused.
2019-10-15 01:04:39,170:INFO main (QuartzScheduler.java:740) - Scheduler quartzScheduler_$_NON_CLUSTERED shutdown complete.
2019-10-15 01:04:39,208:INFO main (DruidDataSource.java:1863) - {dataSource-1} closed
2019-10-15 01:04:39,208:INFO main (ExecutorConfigurationSupport.java:208) - Shutting down ExecutorService 'applicationTaskExecutor'
2019-10-15 01:04:39,210:INFO main (DirectJDKLog.java:173) - Stopping service [Tomcat]
2019-10-15 01:04:39,218:INFO main (ConditionEvaluationReportLoggingListener.java:136) - 

Error starting ApplicationContext. To display the conditions report re-run your application with 'debug' enabled.
2019-10-15 01:04:39,222:ERROR main (SpringApplication.java:823) - Application run failed
org.springframework.context.ApplicationContextException: Failed to start bean 'quartzScheduler'; nested exception is org.springframework.scheduling.SchedulingException: Could not start Quartz Scheduler; nested exception is org.quartz.SchedulerConfigException: Failure occured during job recovery. [See nested exception: org.quartz.impl.jdbcjobstore.LockException: Failure obtaining db row lock: Table 'driverfriends.qrtz_locks' doesn't exist [See nested exception: java.sql.SQLSyntaxErrorException: Table 'driverfriends.qrtz_locks' doesn't exist]]
	at org.springframework.context.support.DefaultLifecycleProcessor.doStart(DefaultLifecycleProcessor.java:185) ~[spring-context-5.1.10.RELEASE.jar:5.1.10.RELEASE]
	at org.springframework.context.support.DefaultLifecycleProcessor.access$200(DefaultLifecycleProcessor.java:53) ~[spring-context-5.1.10.RELEASE.jar:5.1.10.RELEASE]
	at org.springframework.context.support.DefaultLifecycleProcessor$LifecycleGroup.start(DefaultLifecycleProcessor.java:360) ~[spring-context-5.1.10.RELEASE.jar:5.1.10.RELEASE]
	at org.springframework.context.support.DefaultLifecycleProcessor.startBeans(DefaultLifecycleProcessor.java:158) ~[spring-context-5.1.10.RELEASE.jar:5.1.10.RELEASE]
	at org.springframework.context.support.DefaultLifecycleProcessor.onRefresh(DefaultLifecycleProcessor.java:122) ~[spring-context-5.1.10.RELEASE.jar:5.1.10.RELEASE]
	at org.springframework.context.support.AbstractApplicationContext.finishRefresh(AbstractApplicationContext.java:893) ~[spring-context-5.1.10.RELEASE.jar:5.1.10.RELEASE]
	at org.springframework.boot.web.servlet.context.ServletWebServerApplicationContext.finishRefresh(ServletWebServerApplicationContext.java:162) ~[spring-boot-2.1.9.RELEASE.jar:2.1.9.RELEASE]
	at org.springframework.context.support.AbstractApplicationContext.refresh(AbstractApplicationContext.java:552) ~[spring-context-5.1.10.RELEASE.jar:5.1.10.RELEASE]
	at org.springframework.boot.web.servlet.context.ServletWebServerApplicationContext.refresh(ServletWebServerApplicationContext.java:141) ~[spring-boot-2.1.9.RELEASE.jar:2.1.9.RELEASE]
	at org.springframework.boot.SpringApplication.refresh(SpringApplication.java:744) [spring-boot-2.1.9.RELEASE.jar:2.1.9.RELEASE]
	at org.springframework.boot.SpringApplication.refreshContext(SpringApplication.java:391) [spring-boot-2.1.9.RELEASE.jar:2.1.9.RELEASE]
	at org.springframework.boot.SpringApplication.run(SpringApplication.java:312) [spring-boot-2.1.9.RELEASE.jar:2.1.9.RELEASE]
	at org.springframework.boot.SpringApplication.run(SpringApplication.java:1215) [spring-boot-2.1.9.RELEASE.jar:2.1.9.RELEASE]
	at org.springframework.boot.SpringApplication.run(SpringApplication.java:1204) [spring-boot-2.1.9.RELEASE.jar:2.1.9.RELEASE]
	at top.zdhunter.driverFriend.DriverFriendApplication.main(DriverFriendApplication.java:10) [classes/:?]
Caused by: org.springframework.scheduling.SchedulingException: Could not start Quartz Scheduler; nested exception is org.quartz.SchedulerConfigException: Failure occured during job recovery. [See nested exception: org.quartz.impl.jdbcjobstore.LockException: Failure obtaining db row lock: Table 'driverfriends.qrtz_locks' doesn't exist [See nested exception: java.sql.SQLSyntaxErrorException: Table 'driverfriends.qrtz_locks' doesn't exist]]
	at org.springframework.scheduling.quartz.SchedulerFactoryBean.start(SchedulerFactoryBean.java:803) ~[spring-context-support-5.1.10.RELEASE.jar:5.1.10.RELEASE]
	at org.springframework.context.support.DefaultLifecycleProcessor.doStart(DefaultLifecycleProcessor.java:182) ~[spring-context-5.1.10.RELEASE.jar:5.1.10.RELEASE]
	... 14 more
Caused by: org.quartz.SchedulerConfigException: Failure occured during job recovery.
	at org.quartz.impl.jdbcjobstore.JobStoreSupport.schedulerStarted(JobStoreSupport.java:697) ~[quartz-2.3.1.jar:?]
	at org.quartz.core.QuartzScheduler.start(QuartzScheduler.java:539) ~[quartz-2.3.1.jar:?]
	at org.quartz.impl.StdScheduler.start(StdScheduler.java:142) ~[quartz-2.3.1.jar:?]
	at org.springframework.scheduling.quartz.SchedulerFactoryBean.startScheduler(SchedulerFactoryBean.java:728) ~[spring-context-support-5.1.10.RELEASE.jar:5.1.10.RELEASE]
	at org.springframework.scheduling.quartz.SchedulerFactoryBean.start(SchedulerFactoryBean.java:800) ~[spring-context-support-5.1.10.RELEASE.jar:5.1.10.RELEASE]
	at org.springframework.context.support.DefaultLifecycleProcessor.doStart(DefaultLifecycleProcessor.java:182) ~[spring-context-5.1.10.RELEASE.jar:5.1.10.RELEASE]
	... 14 more
Caused by: org.quartz.impl.jdbcjobstore.LockException: Failure obtaining db row lock: Table 'driverfriends.qrtz_locks' doesn't exist
	at org.quartz.impl.jdbcjobstore.StdRowLockSemaphore.executeSQL(StdRowLockSemaphore.java:184) ~[quartz-2.3.1.jar:?]
	at org.quartz.impl.jdbcjobstore.DBSemaphore.obtainLock(DBSemaphore.java:113) ~[quartz-2.3.1.jar:?]
	at org.quartz.impl.jdbcjobstore.JobStoreSupport.executeInNonManagedTXLock(JobStoreSupport.java:3857) ~[quartz-2.3.1.jar:?]
	at org.quartz.impl.jdbcjobstore.JobStoreSupport.recoverJobs(JobStoreSupport.java:839) ~[quartz-2.3.1.jar:?]
	at org.quartz.impl.jdbcjobstore.JobStoreSupport.schedulerStarted(JobStoreSupport.java:695) ~[quartz-2.3.1.jar:?]
	at org.quartz.core.QuartzScheduler.start(QuartzScheduler.java:539) ~[quartz-2.3.1.jar:?]
	at org.quartz.impl.StdScheduler.start(StdScheduler.java:142) ~[quartz-2.3.1.jar:?]
	at org.springframework.scheduling.quartz.SchedulerFactoryBean.startScheduler(SchedulerFactoryBean.java:728) ~[spring-context-support-5.1.10.RELEASE.jar:5.1.10.RELEASE]
	at org.springframework.scheduling.quartz.SchedulerFactoryBean.start(SchedulerFactoryBean.java:800) ~[spring-context-support-5.1.10.RELEASE.jar:5.1.10.RELEASE]
	at org.springframework.context.support.DefaultLifecycleProcessor.doStart(DefaultLifecycleProcessor.java:182) ~[spring-context-5.1.10.RELEASE.jar:5.1.10.RELEASE]
	... 14 more
Caused by: java.sql.SQLSyntaxErrorException: Table 'driverfriends.qrtz_locks' doesn't exist
	at com.mysql.cj.jdbc.exceptions.SQLError.createSQLException(SQLError.java:120) ~[mysql-connector-java-8.0.13.jar:8.0.13]
	at com.mysql.cj.jdbc.exceptions.SQLError.createSQLException(SQLError.java:97) ~[mysql-connector-java-8.0.13.jar:8.0.13]
	at com.mysql.cj.jdbc.exceptions.SQLExceptionsMapping.translateException(SQLExceptionsMapping.java:122) ~[mysql-connector-java-8.0.13.jar:8.0.13]
	at com.mysql.cj.jdbc.ClientPreparedStatement.executeInternal(ClientPreparedStatement.java:974) ~[mysql-connector-java-8.0.13.jar:8.0.13]
	at com.mysql.cj.jdbc.ClientPreparedStatement.executeQuery(ClientPreparedStatement.java:1024) ~[mysql-connector-java-8.0.13.jar:8.0.13]
	at com.alibaba.druid.pool.DruidPooledPreparedStatement.executeQuery(DruidPooledPreparedStatement.java:228) ~[druid-1.1.12.jar:1.1.12]
	at org.quartz.impl.jdbcjobstore.StdRowLockSemaphore.executeSQL(StdRowLockSemaphore.java:123) ~[quartz-2.3.1.jar:?]
	at org.quartz.impl.jdbcjobstore.DBSemaphore.obtainLock(DBSemaphore.java:113) ~[quartz-2.3.1.jar:?]
	at org.quartz.impl.jdbcjobstore.JobStoreSupport.executeInNonManagedTXLock(JobStoreSupport.java:3857) ~[quartz-2.3.1.jar:?]
	at org.quartz.impl.jdbcjobstore.JobStoreSupport.recoverJobs(JobStoreSupport.java:839) ~[quartz-2.3.1.jar:?]
	at org.quartz.impl.jdbcjobstore.JobStoreSupport.schedulerStarted(JobStoreSupport.java:695) ~[quartz-2.3.1.jar:?]
	at org.quartz.core.QuartzScheduler.start(QuartzScheduler.java:539) ~[quartz-2.3.1.jar:?]
	at org.quartz.impl.StdScheduler.start(StdScheduler.java:142) ~[quartz-2.3.1.jar:?]
	at org.springframework.scheduling.quartz.SchedulerFactoryBean.startScheduler(SchedulerFactoryBean.java:728) ~[spring-context-support-5.1.10.RELEASE.jar:5.1.10.RELEASE]
	at org.springframework.scheduling.quartz.SchedulerFactoryBean.start(SchedulerFactoryBean.java:800) ~[spring-context-support-5.1.10.RELEASE.jar:5.1.10.RELEASE]
	at org.springframework.context.support.DefaultLifecycleProcessor.doStart(DefaultLifecycleProcessor.java:182) ~[spring-context-5.1.10.RELEASE.jar:5.1.10.RELEASE]
	... 14 more
2019-10-15 01:05:51,306:INFO main (StartupInfoLogger.java:50) - Starting DriverFriendApplication on zdh with PID 61417 (/Users/hunter/Downloads/driverFriend/target/classes started by hunter in /Users/hunter/Downloads/driverFriend)
2019-10-15 01:05:51,310:INFO main (SpringApplication.java:652) - The following profiles are active: local
2019-10-15 01:05:51,664:WARN main (ClassPathMapperScanner.java:166) - No MyBatis mapper was found in '[top.zdhunter.driverFriend]' package. Please check your configuration.
2019-10-15 01:05:51,695:INFO main (RepositoryConfigurationDelegate.java:244) - Multiple Spring Data modules found, entering strict repository configuration mode!
2019-10-15 01:05:51,698:INFO main (RepositoryConfigurationDelegate.java:126) - Bootstrapping Spring Data repositories in DEFAULT mode.
2019-10-15 01:05:51,710:INFO main (RepositoryConfigurationDelegate.java:182) - Finished Spring Data repository scanning in 4ms. Found 0 repository interfaces.
2019-10-15 01:05:51,907:INFO main (PostProcessorRegistrationDelegate.java:330) - Bean 'org.springframework.transaction.annotation.ProxyTransactionManagementConfiguration' of type [org.springframework.transaction.annotation.ProxyTransactionManagementConfiguration$$EnhancerBySpringCGLIB$$dc81ee95] is not eligible for getting processed by all BeanPostProcessors (for example: not eligible for auto-proxying)
2019-10-15 01:05:52,078:INFO main (TomcatWebServer.java:90) - Tomcat initialized with port(s): 6666 (http)
2019-10-15 01:05:52,088:INFO main (DirectJDKLog.java:173) - Initializing ProtocolHandler ["http-nio-6666"]
2019-10-15 01:05:52,095:INFO main (DirectJDKLog.java:173) - Starting service [Tomcat]
2019-10-15 01:05:52,095:INFO main (DirectJDKLog.java:173) - Starting Servlet engine: [Apache Tomcat/9.0.26]
2019-10-15 01:05:52,158:INFO main (DirectJDKLog.java:173) - Initializing Spring embedded WebApplicationContext
2019-10-15 01:05:52,158:INFO main (ServletWebServerApplicationContext.java:284) - Root WebApplicationContext: initialization completed in 826 ms
2019-10-15 01:05:52,373:INFO main (ExecutorConfigurationSupport.java:171) - Initializing ExecutorService 'applicationTaskExecutor'
2019-10-15 01:05:52,793:INFO main (StdSchedulerFactory.java:1208) - Using default implementation for ThreadExecutor
2019-10-15 01:05:52,801:INFO main (SchedulerSignalerImpl.java:61) - Initialized Scheduler Signaller of type: class org.quartz.core.SchedulerSignalerImpl
2019-10-15 01:05:52,801:INFO main (QuartzScheduler.java:229) - Quartz Scheduler v.2.3.1 created.
2019-10-15 01:05:52,801:INFO main (RAMJobStore.java:155) - RAMJobStore initialized.
2019-10-15 01:05:52,802:INFO main (QuartzScheduler.java:294) - Scheduler meta-data: Quartz Scheduler (v2.3.1) 'quartzScheduler' with instanceId 'NON_CLUSTERED'
  Scheduler class: 'org.quartz.core.QuartzScheduler' - running locally.
  NOT STARTED.
  Currently in standby mode.
  Number of jobs executed: 0
  Using thread pool 'org.quartz.simpl.SimpleThreadPool' - with 10 threads.
  Using job-store 'org.quartz.simpl.RAMJobStore' - which does not support persistence. and is not clustered.

2019-10-15 01:05:52,802:INFO main (StdSchedulerFactory.java:1362) - Quartz scheduler 'quartzScheduler' initialized from an externally provided properties instance.
2019-10-15 01:05:52,802:INFO main (StdSchedulerFactory.java:1366) - Quartz scheduler version: 2.3.1
2019-10-15 01:05:52,802:INFO main (QuartzScheduler.java:2293) - JobFactory set to: org.springframework.scheduling.quartz.SpringBeanJobFactory@61514735
2019-10-15 01:05:52,850:INFO main (SchedulerFactoryBean.java:727) - Starting Quartz Scheduler now
2019-10-15 01:05:52,851:INFO main (QuartzScheduler.java:547) - Scheduler quartzScheduler_$_NON_CLUSTERED started.
2019-10-15 01:05:52,856:INFO main (DirectJDKLog.java:173) - Starting ProtocolHandler ["http-nio-6666"]
2019-10-15 01:05:52,883:INFO main (TomcatWebServer.java:202) - Tomcat started on port(s): 6666 (http) with context path ''
2019-10-15 01:05:52,886:INFO main (StartupInfoLogger.java:59) - Started DriverFriendApplication in 1.908 seconds (JVM running for 2.443)
2019-10-15 01:08:28,649:INFO Thread-6 (QuartzScheduler.java:585) - Scheduler quartzScheduler_$_NON_CLUSTERED paused.
2019-10-15 01:08:28,649:INFO Thread-6 (SchedulerFactoryBean.java:845) - Shutting down Quartz Scheduler
2019-10-15 01:08:28,649:INFO Thread-6 (QuartzScheduler.java:666) - Scheduler quartzScheduler_$_NON_CLUSTERED shutting down.
2019-10-15 01:08:28,650:INFO Thread-6 (QuartzScheduler.java:585) - Scheduler quartzScheduler_$_NON_CLUSTERED paused.
2019-10-15 01:08:28,650:INFO Thread-6 (QuartzScheduler.java:740) - Scheduler quartzScheduler_$_NON_CLUSTERED shutdown complete.
2019-10-15 01:08:28,678:INFO Thread-6 (ExecutorConfigurationSupport.java:208) - Shutting down ExecutorService 'applicationTaskExecutor'
2019-10-15 01:08:33,331:INFO main (StartupInfoLogger.java:50) - Starting DriverFriendApplication on zdh with PID 61993 (/Users/hunter/Downloads/driverFriend/target/classes started by hunter in /Users/hunter/Downloads/driverFriend)
2019-10-15 01:08:33,335:INFO main (SpringApplication.java:652) - The following profiles are active: local
2019-10-15 01:08:33,655:WARN main (ClassPathMapperScanner.java:166) - No MyBatis mapper was found in '[top.zdhunter.driverFriend]' package. Please check your configuration.
2019-10-15 01:08:33,679:INFO main (RepositoryConfigurationDelegate.java:244) - Multiple Spring Data modules found, entering strict repository configuration mode!
2019-10-15 01:08:33,682:INFO main (RepositoryConfigurationDelegate.java:126) - Bootstrapping Spring Data repositories in DEFAULT mode.
2019-10-15 01:08:33,693:INFO main (RepositoryConfigurationDelegate.java:182) - Finished Spring Data repository scanning in 3ms. Found 0 repository interfaces.
2019-10-15 01:08:33,879:INFO main (PostProcessorRegistrationDelegate.java:330) - Bean 'org.springframework.transaction.annotation.ProxyTransactionManagementConfiguration' of type [org.springframework.transaction.annotation.ProxyTransactionManagementConfiguration$$EnhancerBySpringCGLIB$$6822080d] is not eligible for getting processed by all BeanPostProcessors (for example: not eligible for auto-proxying)
2019-10-15 01:08:34,056:INFO main (TomcatWebServer.java:90) - Tomcat initialized with port(s): 6666 (http)
2019-10-15 01:08:34,066:INFO main (DirectJDKLog.java:173) - Initializing ProtocolHandler ["http-nio-6666"]
2019-10-15 01:08:34,073:INFO main (DirectJDKLog.java:173) - Starting service [Tomcat]
2019-10-15 01:08:34,073:INFO main (DirectJDKLog.java:173) - Starting Servlet engine: [Apache Tomcat/9.0.26]
2019-10-15 01:08:34,137:INFO main (DirectJDKLog.java:173) - Initializing Spring embedded WebApplicationContext
2019-10-15 01:08:34,137:INFO main (ServletWebServerApplicationContext.java:284) - Root WebApplicationContext: initialization completed in 779 ms
2019-10-15 01:08:34,365:INFO main (ExecutorConfigurationSupport.java:171) - Initializing ExecutorService 'applicationTaskExecutor'
2019-10-15 01:08:34,855:INFO main (DirectJDKLog.java:173) - Starting ProtocolHandler ["http-nio-6666"]
2019-10-15 01:08:34,880:INFO main (TomcatWebServer.java:202) - Tomcat started on port(s): 6666 (http) with context path ''
2019-10-15 01:08:34,883:INFO main (StartupInfoLogger.java:59) - Started DriverFriendApplication in 1.887 seconds (JVM running for 2.437)
2019-10-15 01:09:10,733:INFO Thread-6 (ExecutorConfigurationSupport.java:208) - Shutting down ExecutorService 'applicationTaskExecutor'
2019-10-15 01:09:12,910:INFO main (StartupInfoLogger.java:50) - Starting DriverFriendApplication on zdh with PID 62137 (/Users/hunter/Downloads/driverFriend/target/classes started by hunter in /Users/hunter/Downloads/driverFriend)
2019-10-15 01:09:12,915:INFO main (SpringApplication.java:652) - The following profiles are active: local
2019-10-15 01:09:13,274:WARN main (ClassPathMapperScanner.java:166) - No MyBatis mapper was found in '[top.zdhunter.driverFriend]' package. Please check your configuration.
2019-10-15 01:09:13,305:INFO main (RepositoryConfigurationDelegate.java:244) - Multiple Spring Data modules found, entering strict repository configuration mode!
2019-10-15 01:09:13,308:INFO main (RepositoryConfigurationDelegate.java:126) - Bootstrapping Spring Data repositories in DEFAULT mode.
2019-10-15 01:09:13,321:INFO main (RepositoryConfigurationDelegate.java:182) - Finished Spring Data repository scanning in 5ms. Found 0 repository interfaces.
2019-10-15 01:09:13,525:INFO main (PostProcessorRegistrationDelegate.java:330) - Bean 'org.springframework.transaction.annotation.ProxyTransactionManagementConfiguration' of type [org.springframework.transaction.annotation.ProxyTransactionManagementConfiguration$$EnhancerBySpringCGLIB$$8e6bfea8] is not eligible for getting processed by all BeanPostProcessors (for example: not eligible for auto-proxying)
2019-10-15 01:09:13,703:INFO main (TomcatWebServer.java:90) - Tomcat initialized with port(s): 6666 (http)
2019-10-15 01:09:13,713:INFO main (DirectJDKLog.java:173) - Initializing ProtocolHandler ["http-nio-6666"]
2019-10-15 01:09:13,719:INFO main (DirectJDKLog.java:173) - Starting service [Tomcat]
2019-10-15 01:09:13,720:INFO main (DirectJDKLog.java:173) - Starting Servlet engine: [Apache Tomcat/9.0.26]
2019-10-15 01:09:13,784:INFO main (DirectJDKLog.java:173) - Initializing Spring embedded WebApplicationContext
2019-10-15 01:09:13,784:INFO main (ServletWebServerApplicationContext.java:284) - Root WebApplicationContext: initialization completed in 844 ms
2019-10-15 01:09:13,995:INFO main (ExecutorConfigurationSupport.java:171) - Initializing ExecutorService 'applicationTaskExecutor'
2019-10-15 01:09:14,457:INFO main (DirectJDKLog.java:173) - Starting ProtocolHandler ["http-nio-6666"]
2019-10-15 01:09:14,480:INFO main (TomcatWebServer.java:202) - Tomcat started on port(s): 6666 (http) with context path ''
2019-10-15 01:09:14,483:INFO main (StartupInfoLogger.java:59) - Started DriverFriendApplication in 1.947 seconds (JVM running for 2.5)
2019-10-15 01:11:25,703:INFO Thread-6 (ExecutorConfigurationSupport.java:208) - Shutting down ExecutorService 'applicationTaskExecutor'
2019-10-15 01:11:27,312:INFO main (StartupInfoLogger.java:50) - Starting DriverFriendApplication on zdh with PID 62605 (/Users/hunter/Downloads/driverFriend/target/classes started by hunter in /Users/hunter/Downloads/driverFriend)
2019-10-15 01:11:27,315:INFO main (SpringApplication.java:652) - The following profiles are active: local
2019-10-15 01:11:27,657:WARN main (ClassPathMapperScanner.java:166) - No MyBatis mapper was found in '[top.zdhunter.driverFriend]' package. Please check your configuration.
2019-10-15 01:11:27,684:INFO main (RepositoryConfigurationDelegate.java:244) - Multiple Spring Data modules found, entering strict repository configuration mode!
2019-10-15 01:11:27,686:INFO main (RepositoryConfigurationDelegate.java:126) - Bootstrapping Spring Data repositories in DEFAULT mode.
2019-10-15 01:11:27,703:INFO main (RepositoryConfigurationDelegate.java:182) - Finished Spring Data repository scanning in 6ms. Found 0 repository interfaces.
2019-10-15 01:11:27,922:INFO main (PostProcessorRegistrationDelegate.java:330) - Bean 'org.springframework.transaction.annotation.ProxyTransactionManagementConfiguration' of type [org.springframework.transaction.annotation.ProxyTransactionManagementConfiguration$$EnhancerBySpringCGLIB$$9fdb99c4] is not eligible for getting processed by all BeanPostProcessors (for example: not eligible for auto-proxying)
2019-10-15 01:11:28,097:INFO main (TomcatWebServer.java:90) - Tomcat initialized with port(s): 6666 (http)
2019-10-15 01:11:28,106:INFO main (DirectJDKLog.java:173) - Initializing ProtocolHandler ["http-nio-6666"]
2019-10-15 01:11:28,113:INFO main (DirectJDKLog.java:173) - Starting service [Tomcat]
2019-10-15 01:11:28,113:INFO main (DirectJDKLog.java:173) - Starting Servlet engine: [Apache Tomcat/9.0.26]
2019-10-15 01:11:28,175:INFO main (DirectJDKLog.java:173) - Initializing Spring embedded WebApplicationContext
2019-10-15 01:11:28,175:INFO main (ServletWebServerApplicationContext.java:284) - Root WebApplicationContext: initialization completed in 837 ms
2019-10-15 01:11:28,389:INFO main (ExecutorConfigurationSupport.java:171) - Initializing ExecutorService 'applicationTaskExecutor'
2019-10-15 01:11:28,828:INFO main (DirectJDKLog.java:173) - Starting ProtocolHandler ["http-nio-6666"]
2019-10-15 01:11:28,851:INFO main (TomcatWebServer.java:202) - Tomcat started on port(s): 6666 (http) with context path ''
2019-10-15 01:11:28,853:INFO main (StartupInfoLogger.java:59) - Started DriverFriendApplication in 1.891 seconds (JVM running for 2.551)
2019-10-15 01:12:41,240:INFO Thread-6 (ExecutorConfigurationSupport.java:208) - Shutting down ExecutorService 'applicationTaskExecutor'
2019-10-15 01:12:43,420:INFO main (StartupInfoLogger.java:50) - Starting DriverFriendApplication on zdh with PID 62880 (/Users/hunter/Downloads/driverFriend/target/classes started by hunter in /Users/hunter/Downloads/driverFriend)
2019-10-15 01:12:43,423:INFO main (SpringApplication.java:652) - The following profiles are active: local
2019-10-15 01:12:43,769:WARN main (ClassPathMapperScanner.java:166) - No MyBatis mapper was found in '[top.zdhunter.driverFriend]' package. Please check your configuration.
2019-10-15 01:12:43,797:INFO main (RepositoryConfigurationDelegate.java:244) - Multiple Spring Data modules found, entering strict repository configuration mode!
2019-10-15 01:12:43,800:INFO main (RepositoryConfigurationDelegate.java:126) - Bootstrapping Spring Data repositories in DEFAULT mode.
2019-10-15 01:12:43,813:INFO main (RepositoryConfigurationDelegate.java:182) - Finished Spring Data repository scanning in 4ms. Found 0 repository interfaces.
2019-10-15 01:12:44,028:INFO main (PostProcessorRegistrationDelegate.java:330) - Bean 'org.springframework.transaction.annotation.ProxyTransactionManagementConfiguration' of type [org.springframework.transaction.annotation.ProxyTransactionManagementConfiguration$$EnhancerBySpringCGLIB$$60831f37] is not eligible for getting processed by all BeanPostProcessors (for example: not eligible for auto-proxying)
2019-10-15 01:12:44,201:INFO main (TomcatWebServer.java:90) - Tomcat initialized with port(s): 16666 (http)
2019-10-15 01:12:44,211:INFO main (DirectJDKLog.java:173) - Initializing ProtocolHandler ["http-nio-16666"]
2019-10-15 01:12:44,218:INFO main (DirectJDKLog.java:173) - Starting service [Tomcat]
2019-10-15 01:12:44,218:INFO main (DirectJDKLog.java:173) - Starting Servlet engine: [Apache Tomcat/9.0.26]
2019-10-15 01:12:44,284:INFO main (DirectJDKLog.java:173) - Initializing Spring embedded WebApplicationContext
2019-10-15 01:12:44,285:INFO main (ServletWebServerApplicationContext.java:284) - Root WebApplicationContext: initialization completed in 840 ms
2019-10-15 01:12:44,492:INFO main (ExecutorConfigurationSupport.java:171) - Initializing ExecutorService 'applicationTaskExecutor'
2019-10-15 01:12:44,938:INFO main (DirectJDKLog.java:173) - Starting ProtocolHandler ["http-nio-16666"]
2019-10-15 01:12:44,961:INFO main (TomcatWebServer.java:202) - Tomcat started on port(s): 16666 (http) with context path ''
2019-10-15 01:12:44,963:INFO main (StartupInfoLogger.java:59) - Started DriverFriendApplication in 1.872 seconds (JVM running for 2.397)
2019-10-15 01:12:51,289:INFO http-nio-16666-exec-1 (DirectJDKLog.java:173) - Initializing Spring DispatcherServlet 'dispatcherServlet'
2019-10-15 01:12:51,289:INFO http-nio-16666-exec-1 (FrameworkServlet.java:525) - Initializing Servlet 'dispatcherServlet'
2019-10-15 01:12:51,299:INFO http-nio-16666-exec-1 (FrameworkServlet.java:547) - Completed initialization in 10 ms
2019-10-15 01:15:33,257:INFO Thread-6 (ExecutorConfigurationSupport.java:208) - Shutting down ExecutorService 'applicationTaskExecutor'
2019-10-15 01:15:36,401:INFO main (StartupInfoLogger.java:50) - Starting DriverFriendApplication on zdh with PID 63495 (/Users/hunter/Downloads/driverFriend/target/classes started by hunter in /Users/hunter/Downloads/driverFriend)
2019-10-15 01:15:36,404:INFO main (SpringApplication.java:652) - The following profiles are active: local
2019-10-15 01:15:36,728:WARN main (ClassPathMapperScanner.java:166) - No MyBatis mapper was found in '[top.zdhunter.driverFriend]' package. Please check your configuration.
2019-10-15 01:15:36,752:INFO main (RepositoryConfigurationDelegate.java:244) - Multiple Spring Data modules found, entering strict repository configuration mode!
2019-10-15 01:15:36,754:INFO main (RepositoryConfigurationDelegate.java:126) - Bootstrapping Spring Data repositories in DEFAULT mode.
2019-10-15 01:15:36,766:INFO main (RepositoryConfigurationDelegate.java:182) - Finished Spring Data repository scanning in 4ms. Found 0 repository interfaces.
2019-10-15 01:15:36,951:INFO main (PostProcessorRegistrationDelegate.java:330) - Bean 'org.springframework.transaction.annotation.ProxyTransactionManagementConfiguration' of type [org.springframework.transaction.annotation.ProxyTransactionManagementConfiguration$$EnhancerBySpringCGLIB$$532bf8fb] is not eligible for getting processed by all BeanPostProcessors (for example: not eligible for auto-proxying)
2019-10-15 01:15:37,123:INFO main (TomcatWebServer.java:90) - Tomcat initialized with port(s): 16666 (http)
2019-10-15 01:15:37,135:INFO main (DirectJDKLog.java:173) - Initializing ProtocolHandler ["http-nio-16666"]
2019-10-15 01:15:37,141:INFO main (DirectJDKLog.java:173) - Starting service [Tomcat]
2019-10-15 01:15:37,142:INFO main (DirectJDKLog.java:173) - Starting Servlet engine: [Apache Tomcat/9.0.26]
2019-10-15 01:15:37,203:INFO main (DirectJDKLog.java:173) - Initializing Spring embedded WebApplicationContext
2019-10-15 01:15:37,204:INFO main (ServletWebServerApplicationContext.java:284) - Root WebApplicationContext: initialization completed in 778 ms
2019-10-15 01:15:37,406:INFO main (ExecutorConfigurationSupport.java:171) - Initializing ExecutorService 'applicationTaskExecutor'
2019-10-15 01:15:37,854:INFO main (DirectJDKLog.java:173) - Starting ProtocolHandler ["http-nio-16666"]
2019-10-15 01:15:37,878:INFO main (TomcatWebServer.java:202) - Tomcat started on port(s): 16666 (http) with context path ''
2019-10-15 01:15:37,881:INFO main (StartupInfoLogger.java:59) - Started DriverFriendApplication in 1.807 seconds (JVM running for 2.342)
2019-10-15 01:15:46,508:INFO http-nio-16666-exec-1 (DirectJDKLog.java:173) - Initializing Spring DispatcherServlet 'dispatcherServlet'
2019-10-15 01:15:46,508:INFO http-nio-16666-exec-1 (FrameworkServlet.java:525) - Initializing Servlet 'dispatcherServlet'
2019-10-15 01:15:46,512:INFO http-nio-16666-exec-1 (FrameworkServlet.java:547) - Completed initialization in 4 ms
2019-10-15 01:15:46,528:WARN http-nio-16666-exec-1 (AbstractHandlerExceptionResolver.java:199) - Resolved [org.springframework.web.HttpRequestMethodNotSupportedException: Request method 'GET' not supported]
2019-10-15 01:18:40,691:INFO Thread-6 (ExecutorConfigurationSupport.java:208) - Shutting down ExecutorService 'applicationTaskExecutor'
2019-10-15 01:18:43,925:INFO main (StartupInfoLogger.java:50) - Starting DriverFriendApplication on zdh with PID 64150 (/Users/hunter/Downloads/driverFriend/target/classes started by hunter in /Users/hunter/Downloads/driverFriend)
2019-10-15 01:18:43,930:INFO main (SpringApplication.java:652) - The following profiles are active: local
2019-10-15 01:18:44,330:WARN main (ClassPathMapperScanner.java:166) - No MyBatis mapper was found in '[top.zdhunter.driverFriend]' package. Please check your configuration.
2019-10-15 01:18:44,365:INFO main (RepositoryConfigurationDelegate.java:244) - Multiple Spring Data modules found, entering strict repository configuration mode!
2019-10-15 01:18:44,369:INFO main (RepositoryConfigurationDelegate.java:126) - Bootstrapping Spring Data repositories in DEFAULT mode.
2019-10-15 01:18:44,386:INFO main (RepositoryConfigurationDelegate.java:182) - Finished Spring Data repository scanning in 4ms. Found 0 repository interfaces.
2019-10-15 01:18:44,595:INFO main (PostProcessorRegistrationDelegate.java:330) - Bean 'org.springframework.transaction.annotation.ProxyTransactionManagementConfiguration' of type [org.springframework.transaction.annotation.ProxyTransactionManagementConfiguration$$EnhancerBySpringCGLIB$$5e0605ef] is not eligible for getting processed by all BeanPostProcessors (for example: not eligible for auto-proxying)
2019-10-15 01:18:44,767:INFO main (TomcatWebServer.java:90) - Tomcat initialized with port(s): 16666 (http)
2019-10-15 01:18:44,777:INFO main (DirectJDKLog.java:173) - Initializing ProtocolHandler ["http-nio-16666"]
2019-10-15 01:18:44,784:INFO main (DirectJDKLog.java:173) - Starting service [Tomcat]
2019-10-15 01:18:44,785:INFO main (DirectJDKLog.java:173) - Starting Servlet engine: [Apache Tomcat/9.0.26]
2019-10-15 01:18:44,845:INFO main (DirectJDKLog.java:173) - Initializing Spring embedded WebApplicationContext
2019-10-15 01:18:44,845:INFO main (ServletWebServerApplicationContext.java:284) - Root WebApplicationContext: initialization completed in 891 ms
2019-10-15 01:18:45,061:INFO main (ExecutorConfigurationSupport.java:171) - Initializing ExecutorService 'applicationTaskExecutor'
2019-10-15 01:18:45,515:INFO main (DirectJDKLog.java:173) - Starting ProtocolHandler ["http-nio-16666"]
2019-10-15 01:18:45,538:INFO main (TomcatWebServer.java:202) - Tomcat started on port(s): 16666 (http) with context path ''
2019-10-15 01:18:45,541:INFO main (StartupInfoLogger.java:59) - Started DriverFriendApplication in 1.96 seconds (JVM running for 2.498)
2019-10-15 01:19:11,341:INFO http-nio-16666-exec-1 (DirectJDKLog.java:173) - Initializing Spring DispatcherServlet 'dispatcherServlet'
2019-10-15 01:19:11,341:INFO http-nio-16666-exec-1 (FrameworkServlet.java:525) - Initializing Servlet 'dispatcherServlet'
2019-10-15 01:19:11,346:INFO http-nio-16666-exec-1 (FrameworkServlet.java:547) - Completed initialization in 5 ms
2019-10-15 01:54:45,322:INFO Thread-6 (ExecutorConfigurationSupport.java:208) - Shutting down ExecutorService 'applicationTaskExecutor'
2019-10-15 02:05:31,099:INFO main (StartupInfoLogger.java:50) - Starting DriverFriendApplication on zdh with PID 73975 (/Users/hunter/Downloads/driverFriend/target/classes started by hunter in /Users/hunter/Downloads/driverFriend)
2019-10-15 02:05:31,103:INFO main (SpringApplication.java:652) - The following profiles are active: local
2019-10-15 02:05:31,672:INFO main (PostProcessorRegistrationDelegate.java:330) - Bean 'org.springframework.transaction.annotation.ProxyTransactionManagementConfiguration' of type [org.springframework.transaction.annotation.ProxyTransactionManagementConfiguration$$EnhancerBySpringCGLIB$$7a150a90] is not eligible for getting processed by all BeanPostProcessors (for example: not eligible for auto-proxying)
2019-10-15 02:05:31,865:INFO main (TomcatWebServer.java:90) - Tomcat initialized with port(s): 16666 (http)
2019-10-15 02:05:31,876:INFO main (DirectJDKLog.java:173) - Initializing ProtocolHandler ["http-nio-16666"]
2019-10-15 02:05:31,883:INFO main (DirectJDKLog.java:173) - Starting service [Tomcat]
2019-10-15 02:05:31,884:INFO main (DirectJDKLog.java:173) - Starting Servlet engine: [Apache Tomcat/9.0.26]
2019-10-15 02:05:31,943:INFO main (DirectJDKLog.java:173) - Initializing Spring embedded WebApplicationContext
2019-10-15 02:05:31,943:INFO main (ServletWebServerApplicationContext.java:284) - Root WebApplicationContext: initialization completed in 815 ms
2019-10-15 02:05:32,398:INFO main (ExecutorConfigurationSupport.java:171) - Initializing ExecutorService 'applicationTaskExecutor'
2019-10-15 02:05:32,589:INFO main (DirectJDKLog.java:173) - Starting ProtocolHandler ["http-nio-16666"]
2019-10-15 02:05:32,615:INFO main (TomcatWebServer.java:202) - Tomcat started on port(s): 16666 (http) with context path ''
2019-10-15 02:05:32,619:INFO main (StartupInfoLogger.java:59) - Started DriverFriendApplication in 1.886 seconds (JVM running for 2.48)
2019-10-15 02:11:03,576:INFO Thread-7 (ExecutorConfigurationSupport.java:208) - Shutting down ExecutorService 'applicationTaskExecutor'
2019-10-15 02:11:08,097:INFO main (StartupInfoLogger.java:50) - Starting DriverFriendApplication on zdh with PID 75172 (/Users/hunter/Downloads/driverFriend/target/classes started by hunter in /Users/hunter/Downloads/driverFriend)
2019-10-15 02:11:08,101:INFO main (SpringApplication.java:652) - The following profiles are active: local
2019-10-15 02:11:08,673:INFO main (PostProcessorRegistrationDelegate.java:330) - Bean 'org.springframework.transaction.annotation.ProxyTransactionManagementConfiguration' of type [org.springframework.transaction.annotation.ProxyTransactionManagementConfiguration$$EnhancerBySpringCGLIB$$daf41f4c] is not eligible for getting processed by all BeanPostProcessors (for example: not eligible for auto-proxying)
2019-10-15 02:11:08,856:INFO main (TomcatWebServer.java:90) - Tomcat initialized with port(s): 16666 (http)
2019-10-15 02:11:08,865:INFO main (DirectJDKLog.java:173) - Initializing ProtocolHandler ["http-nio-16666"]
2019-10-15 02:11:08,872:INFO main (DirectJDKLog.java:173) - Starting service [Tomcat]
2019-10-15 02:11:08,872:INFO main (DirectJDKLog.java:173) - Starting Servlet engine: [Apache Tomcat/9.0.26]
2019-10-15 02:11:08,937:INFO main (DirectJDKLog.java:173) - Initializing Spring embedded WebApplicationContext
2019-10-15 02:11:08,937:INFO main (ServletWebServerApplicationContext.java:284) - Root WebApplicationContext: initialization completed in 814 ms
2019-10-15 02:11:09,418:INFO main (ExecutorConfigurationSupport.java:171) - Initializing ExecutorService 'applicationTaskExecutor'
2019-10-15 02:11:09,620:INFO main (DirectJDKLog.java:173) - Starting ProtocolHandler ["http-nio-16666"]
2019-10-15 02:11:09,643:INFO main (TomcatWebServer.java:202) - Tomcat started on port(s): 16666 (http) with context path ''
2019-10-15 02:11:09,646:INFO main (StartupInfoLogger.java:59) - Started DriverFriendApplication in 1.87 seconds (JVM running for 2.416)
2019-10-15 02:12:00,324:INFO http-nio-16666-exec-2 (DirectJDKLog.java:173) - Initializing Spring DispatcherServlet 'dispatcherServlet'
2019-10-15 02:12:00,324:INFO http-nio-16666-exec-2 (FrameworkServlet.java:525) - Initializing Servlet 'dispatcherServlet'
2019-10-15 02:12:00,330:INFO http-nio-16666-exec-2 (FrameworkServlet.java:547) - Completed initialization in 6 ms
2019-10-15 02:12:00,483:INFO http-nio-16666-exec-2 (DruidDataSource.java:947) - {dataSource-1} inited
2019-10-15 02:12:00,786:ERROR http-nio-16666-exec-2 (GlobalExceptionHandler.java:23) - 
### Error updating database.  Cause: java.sql.SQLSyntaxErrorException: Column 'user_password' specified twice
### The error may involve top.zdhunter.driverFriend.dao.UserDao.registerUser-Inline
### The error occurred while setting parameters
### SQL: insert into user(user_id, user_name, user_mobile, user_password, user_password, user_role) values (? , ? ,? , ? , ? )
### Cause: java.sql.SQLSyntaxErrorException: Column 'user_password' specified twice
; bad SQL grammar []; nested exception is java.sql.SQLSyntaxErrorException: Column 'user_password' specified twice
org.springframework.jdbc.BadSqlGrammarException: 
### Error updating database.  Cause: java.sql.SQLSyntaxErrorException: Column 'user_password' specified twice
### The error may involve top.zdhunter.driverFriend.dao.UserDao.registerUser-Inline
### The error occurred while setting parameters
### SQL: insert into user(user_id, user_name, user_mobile, user_password, user_password, user_role) values (? , ? ,? , ? , ? )
### Cause: java.sql.SQLSyntaxErrorException: Column 'user_password' specified twice
; bad SQL grammar []; nested exception is java.sql.SQLSyntaxErrorException: Column 'user_password' specified twice
	at org.springframework.jdbc.support.SQLExceptionSubclassTranslator.doTranslate(SQLExceptionSubclassTranslator.java:93) ~[spring-jdbc-5.1.10.RELEASE.jar:5.1.10.RELEASE]
	at org.springframework.jdbc.support.AbstractFallbackSQLExceptionTranslator.translate(AbstractFallbackSQLExceptionTranslator.java:72) ~[spring-jdbc-5.1.10.RELEASE.jar:5.1.10.RELEASE]
	at org.springframework.jdbc.support.AbstractFallbackSQLExceptionTranslator.translate(AbstractFallbackSQLExceptionTranslator.java:81) ~[spring-jdbc-5.1.10.RELEASE.jar:5.1.10.RELEASE]
	at org.mybatis.spring.MyBatisExceptionTranslator.translateExceptionIfPossible(MyBatisExceptionTranslator.java:73) ~[mybatis-spring-1.3.2.jar:1.3.2]
	at org.mybatis.spring.SqlSessionTemplate$SqlSessionInterceptor.invoke(SqlSessionTemplate.java:446) ~[mybatis-spring-1.3.2.jar:1.3.2]
	at com.sun.proxy.$Proxy72.insert(Unknown Source) ~[?:?]
	at org.mybatis.spring.SqlSessionTemplate.insert(SqlSessionTemplate.java:278) ~[mybatis-spring-1.3.2.jar:1.3.2]
	at org.apache.ibatis.binding.MapperMethod.execute(MapperMethod.java:58) ~[mybatis-3.4.6.jar:3.4.6]
	at org.apache.ibatis.binding.MapperProxy.invoke(MapperProxy.java:59) ~[mybatis-3.4.6.jar:3.4.6]
	at com.sun.proxy.$Proxy75.registerUser(Unknown Source) ~[?:?]
	at top.zdhunter.driverFriend.service.Impl.UserServiceImpl.registerUser(UserServiceImpl.java:25) ~[classes/:?]
	at top.zdhunter.driverFriend.controller.UserController.registerUser(UserController.java:21) ~[classes/:?]
	at sun.reflect.NativeMethodAccessorImpl.invoke0(Native Method) ~[?:1.8.0_221]
	at sun.reflect.NativeMethodAccessorImpl.invoke(NativeMethodAccessorImpl.java:62) ~[?:1.8.0_221]
	at sun.reflect.DelegatingMethodAccessorImpl.invoke(DelegatingMethodAccessorImpl.java:43) ~[?:1.8.0_221]
	at java.lang.reflect.Method.invoke(Method.java:498) ~[?:1.8.0_221]
	at org.springframework.web.method.support.InvocableHandlerMethod.doInvoke(InvocableHandlerMethod.java:190) ~[spring-web-5.1.10.RELEASE.jar:5.1.10.RELEASE]
	at org.springframework.web.method.support.InvocableHandlerMethod.invokeForRequest(InvocableHandlerMethod.java:138) ~[spring-web-5.1.10.RELEASE.jar:5.1.10.RELEASE]
	at org.springframework.web.servlet.mvc.method.annotation.ServletInvocableHandlerMethod.invokeAndHandle(ServletInvocableHandlerMethod.java:105) ~[spring-webmvc-5.1.10.RELEASE.jar:5.1.10.RELEASE]
	at org.springframework.web.servlet.mvc.method.annotation.RequestMappingHandlerAdapter.invokeHandlerMethod(RequestMappingHandlerAdapter.java:893) ~[spring-webmvc-5.1.10.RELEASE.jar:5.1.10.RELEASE]
	at org.springframework.web.servlet.mvc.method.annotation.RequestMappingHandlerAdapter.handleInternal(RequestMappingHandlerAdapter.java:798) ~[spring-webmvc-5.1.10.RELEASE.jar:5.1.10.RELEASE]
	at org.springframework.web.servlet.mvc.method.AbstractHandlerMethodAdapter.handle(AbstractHandlerMethodAdapter.java:87) ~[spring-webmvc-5.1.10.RELEASE.jar:5.1.10.RELEASE]
	at org.springframework.web.servlet.DispatcherServlet.doDispatch(DispatcherServlet.java:1040) [spring-webmvc-5.1.10.RELEASE.jar:5.1.10.RELEASE]
	at org.springframework.web.servlet.DispatcherServlet.doService(DispatcherServlet.java:943) [spring-webmvc-5.1.10.RELEASE.jar:5.1.10.RELEASE]
	at org.springframework.web.servlet.FrameworkServlet.processRequest(FrameworkServlet.java:1006) [spring-webmvc-5.1.10.RELEASE.jar:5.1.10.RELEASE]
	at org.springframework.web.servlet.FrameworkServlet.doPost(FrameworkServlet.java:909) [spring-webmvc-5.1.10.RELEASE.jar:5.1.10.RELEASE]
	at javax.servlet.http.HttpServlet.service(HttpServlet.java:660) [tomcat-embed-core-9.0.26.jar:9.0.26]
	at org.springframework.web.servlet.FrameworkServlet.service(FrameworkServlet.java:883) [spring-webmvc-5.1.10.RELEASE.jar:5.1.10.RELEASE]
	at javax.servlet.http.HttpServlet.service(HttpServlet.java:741) [tomcat-embed-core-9.0.26.jar:9.0.26]
	at org.apache.catalina.core.ApplicationFilterChain.internalDoFilter(ApplicationFilterChain.java:231) [tomcat-embed-core-9.0.26.jar:9.0.26]
	at org.apache.catalina.core.ApplicationFilterChain.doFilter(ApplicationFilterChain.java:166) [tomcat-embed-core-9.0.26.jar:9.0.26]
	at org.apache.tomcat.websocket.server.WsFilter.doFilter(WsFilter.java:53) [tomcat-embed-websocket-9.0.26.jar:9.0.26]
	at org.apache.catalina.core.ApplicationFilterChain.internalDoFilter(ApplicationFilterChain.java:193) [tomcat-embed-core-9.0.26.jar:9.0.26]
	at org.apache.catalina.core.ApplicationFilterChain.doFilter(ApplicationFilterChain.java:166) [tomcat-embed-core-9.0.26.jar:9.0.26]
	at org.springframework.web.filter.RequestContextFilter.doFilterInternal(RequestContextFilter.java:100) [spring-web-5.1.10.RELEASE.jar:5.1.10.RELEASE]
	at org.springframework.web.filter.OncePerRequestFilter.doFilter(OncePerRequestFilter.java:119) [spring-web-5.1.10.RELEASE.jar:5.1.10.RELEASE]
	at org.apache.catalina.core.ApplicationFilterChain.internalDoFilter(ApplicationFilterChain.java:193) [tomcat-embed-core-9.0.26.jar:9.0.26]
	at org.apache.catalina.core.ApplicationFilterChain.doFilter(ApplicationFilterChain.java:166) [tomcat-embed-core-9.0.26.jar:9.0.26]
	at org.springframework.web.filter.FormContentFilter.doFilterInternal(FormContentFilter.java:93) [spring-web-5.1.10.RELEASE.jar:5.1.10.RELEASE]
	at org.springframework.web.filter.OncePerRequestFilter.doFilter(OncePerRequestFilter.java:119) [spring-web-5.1.10.RELEASE.jar:5.1.10.RELEASE]
	at org.apache.catalina.core.ApplicationFilterChain.internalDoFilter(ApplicationFilterChain.java:193) [tomcat-embed-core-9.0.26.jar:9.0.26]
	at org.apache.catalina.core.ApplicationFilterChain.doFilter(ApplicationFilterChain.java:166) [tomcat-embed-core-9.0.26.jar:9.0.26]
	at org.springframework.web.filter.HiddenHttpMethodFilter.doFilterInternal(HiddenHttpMethodFilter.java:94) [spring-web-5.1.10.RELEASE.jar:5.1.10.RELEASE]
	at org.springframework.web.filter.OncePerRequestFilter.doFilter(OncePerRequestFilter.java:119) [spring-web-5.1.10.RELEASE.jar:5.1.10.RELEASE]
	at org.apache.catalina.core.ApplicationFilterChain.internalDoFilter(ApplicationFilterChain.java:193) [tomcat-embed-core-9.0.26.jar:9.0.26]
	at org.apache.catalina.core.ApplicationFilterChain.doFilter(ApplicationFilterChain.java:166) [tomcat-embed-core-9.0.26.jar:9.0.26]
	at org.springframework.web.filter.CharacterEncodingFilter.doFilterInternal(CharacterEncodingFilter.java:201) [spring-web-5.1.10.RELEASE.jar:5.1.10.RELEASE]
	at org.springframework.web.filter.OncePerRequestFilter.doFilter(OncePerRequestFilter.java:119) [spring-web-5.1.10.RELEASE.jar:5.1.10.RELEASE]
	at org.apache.catalina.core.ApplicationFilterChain.internalDoFilter(ApplicationFilterChain.java:193) [tomcat-embed-core-9.0.26.jar:9.0.26]
	at org.apache.catalina.core.ApplicationFilterChain.doFilter(ApplicationFilterChain.java:166) [tomcat-embed-core-9.0.26.jar:9.0.26]
	at org.apache.catalina.core.StandardWrapperValve.invoke(StandardWrapperValve.java:202) [tomcat-embed-core-9.0.26.jar:9.0.26]
	at org.apache.catalina.core.StandardContextValve.invoke(StandardContextValve.java:96) [tomcat-embed-core-9.0.26.jar:9.0.26]
	at org.apache.catalina.authenticator.AuthenticatorBase.invoke(AuthenticatorBase.java:526) [tomcat-embed-core-9.0.26.jar:9.0.26]
	at org.apache.catalina.core.StandardHostValve.invoke(StandardHostValve.java:139) [tomcat-embed-core-9.0.26.jar:9.0.26]
	at org.apache.catalina.valves.ErrorReportValve.invoke(ErrorReportValve.java:92) [tomcat-embed-core-9.0.26.jar:9.0.26]
	at org.apache.catalina.core.StandardEngineValve.invoke(StandardEngineValve.java:74) [tomcat-embed-core-9.0.26.jar:9.0.26]
	at org.apache.catalina.connector.CoyoteAdapter.service(CoyoteAdapter.java:343) [tomcat-embed-core-9.0.26.jar:9.0.26]
	at org.apache.coyote.http11.Http11Processor.service(Http11Processor.java:408) [tomcat-embed-core-9.0.26.jar:9.0.26]
	at org.apache.coyote.AbstractProcessorLight.process(AbstractProcessorLight.java:66) [tomcat-embed-core-9.0.26.jar:9.0.26]
	at org.apache.coyote.AbstractProtocol$ConnectionHandler.process(AbstractProtocol.java:860) [tomcat-embed-core-9.0.26.jar:9.0.26]
	at org.apache.tomcat.util.net.NioEndpoint$SocketProcessor.doRun(NioEndpoint.java:1589) [tomcat-embed-core-9.0.26.jar:9.0.26]
	at org.apache.tomcat.util.net.SocketProcessorBase.run(SocketProcessorBase.java:49) [tomcat-embed-core-9.0.26.jar:9.0.26]
	at java.util.concurrent.ThreadPoolExecutor.runWorker(ThreadPoolExecutor.java:1149) [?:1.8.0_221]
	at java.util.concurrent.ThreadPoolExecutor$Worker.run(ThreadPoolExecutor.java:624) [?:1.8.0_221]
	at org.apache.tomcat.util.threads.TaskThread$WrappingRunnable.run(TaskThread.java:61) [tomcat-embed-core-9.0.26.jar:9.0.26]
	at java.lang.Thread.run(Thread.java:748) [?:1.8.0_221]
Caused by: java.sql.SQLSyntaxErrorException: Column 'user_password' specified twice
	at com.mysql.cj.jdbc.exceptions.SQLError.createSQLException(SQLError.java:120) ~[mysql-connector-java-8.0.13.jar:8.0.13]
	at com.mysql.cj.jdbc.exceptions.SQLError.createSQLException(SQLError.java:97) ~[mysql-connector-java-8.0.13.jar:8.0.13]
	at com.mysql.cj.jdbc.exceptions.SQLExceptionsMapping.translateException(SQLExceptionsMapping.java:122) ~[mysql-connector-java-8.0.13.jar:8.0.13]
	at com.mysql.cj.jdbc.ClientPreparedStatement.executeInternal(ClientPreparedStatement.java:974) ~[mysql-connector-java-8.0.13.jar:8.0.13]
	at com.mysql.cj.jdbc.ClientPreparedStatement.execute(ClientPreparedStatement.java:391) ~[mysql-connector-java-8.0.13.jar:8.0.13]
	at com.alibaba.druid.pool.DruidPooledPreparedStatement.execute(DruidPooledPreparedStatement.java:498) ~[druid-1.1.12.jar:1.1.12]
	at org.apache.ibatis.executor.statement.PreparedStatementHandler.update(PreparedStatementHandler.java:46) ~[mybatis-3.4.6.jar:3.4.6]
	at org.apache.ibatis.executor.statement.RoutingStatementHandler.update(RoutingStatementHandler.java:74) ~[mybatis-3.4.6.jar:3.4.6]
	at org.apache.ibatis.executor.SimpleExecutor.doUpdate(SimpleExecutor.java:50) ~[mybatis-3.4.6.jar:3.4.6]
	at org.apache.ibatis.executor.BaseExecutor.update(BaseExecutor.java:117) ~[mybatis-3.4.6.jar:3.4.6]
	at org.apache.ibatis.executor.CachingExecutor.update(CachingExecutor.java:76) ~[mybatis-3.4.6.jar:3.4.6]
	at sun.reflect.NativeMethodAccessorImpl.invoke0(Native Method) ~[?:1.8.0_221]
	at sun.reflect.NativeMethodAccessorImpl.invoke(NativeMethodAccessorImpl.java:62) ~[?:1.8.0_221]
	at sun.reflect.DelegatingMethodAccessorImpl.invoke(DelegatingMethodAccessorImpl.java:43) ~[?:1.8.0_221]
	at java.lang.reflect.Method.invoke(Method.java:498) ~[?:1.8.0_221]
	at org.apache.ibatis.plugin.Plugin.invoke(Plugin.java:63) ~[mybatis-3.4.6.jar:3.4.6]
	at com.sun.proxy.$Proxy94.update(Unknown Source) ~[?:?]
	at org.apache.ibatis.session.defaults.DefaultSqlSession.update(DefaultSqlSession.java:198) ~[mybatis-3.4.6.jar:3.4.6]
	at org.apache.ibatis.session.defaults.DefaultSqlSession.insert(DefaultSqlSession.java:185) ~[mybatis-3.4.6.jar:3.4.6]
	at sun.reflect.NativeMethodAccessorImpl.invoke0(Native Method) ~[?:1.8.0_221]
	at sun.reflect.NativeMethodAccessorImpl.invoke(NativeMethodAccessorImpl.java:62) ~[?:1.8.0_221]
	at sun.reflect.DelegatingMethodAccessorImpl.invoke(DelegatingMethodAccessorImpl.java:43) ~[?:1.8.0_221]
	at java.lang.reflect.Method.invoke(Method.java:498) ~[?:1.8.0_221]
	at org.mybatis.spring.SqlSessionTemplate$SqlSessionInterceptor.invoke(SqlSessionTemplate.java:433) ~[mybatis-spring-1.3.2.jar:1.3.2]
	... 61 more
2019-10-15 02:13:40,105:INFO Thread-7 (ExecutorConfigurationSupport.java:208) - Shutting down ExecutorService 'applicationTaskExecutor'
2019-10-15 02:13:40,341:INFO Thread-7 (DruidDataSource.java:1863) - {dataSource-1} closed
2019-10-15 02:13:43,684:INFO main (StartupInfoLogger.java:50) - Starting DriverFriendApplication on zdh with PID 75710 (/Users/hunter/Downloads/driverFriend/target/classes started by hunter in /Users/hunter/Downloads/driverFriend)
2019-10-15 02:13:43,687:INFO main (SpringApplication.java:652) - The following profiles are active: local
2019-10-15 02:13:44,295:INFO main (PostProcessorRegistrationDelegate.java:330) - Bean 'org.springframework.transaction.annotation.ProxyTransactionManagementConfiguration' of type [org.springframework.transaction.annotation.ProxyTransactionManagementConfiguration$$EnhancerBySpringCGLIB$$2464cd47] is not eligible for getting processed by all BeanPostProcessors (for example: not eligible for auto-proxying)
2019-10-15 02:13:44,471:INFO main (TomcatWebServer.java:90) - Tomcat initialized with port(s): 16666 (http)
2019-10-15 02:13:44,481:INFO main (DirectJDKLog.java:173) - Initializing ProtocolHandler ["http-nio-16666"]
2019-10-15 02:13:44,487:INFO main (DirectJDKLog.java:173) - Starting service [Tomcat]
2019-10-15 02:13:44,488:INFO main (DirectJDKLog.java:173) - Starting Servlet engine: [Apache Tomcat/9.0.26]
2019-10-15 02:13:44,551:INFO main (DirectJDKLog.java:173) - Initializing Spring embedded WebApplicationContext
2019-10-15 02:13:44,551:INFO main (ServletWebServerApplicationContext.java:284) - Root WebApplicationContext: initialization completed in 840 ms
2019-10-15 02:13:45,001:INFO main (ExecutorConfigurationSupport.java:171) - Initializing ExecutorService 'applicationTaskExecutor'
2019-10-15 02:13:45,199:INFO main (DirectJDKLog.java:173) - Starting ProtocolHandler ["http-nio-16666"]
2019-10-15 02:13:45,223:INFO main (TomcatWebServer.java:202) - Tomcat started on port(s): 16666 (http) with context path ''
2019-10-15 02:13:45,226:INFO main (StartupInfoLogger.java:59) - Started DriverFriendApplication in 1.891 seconds (JVM running for 2.454)
2019-10-15 02:13:50,844:INFO http-nio-16666-exec-1 (DirectJDKLog.java:173) - Initializing Spring DispatcherServlet 'dispatcherServlet'
2019-10-15 02:13:50,844:INFO http-nio-16666-exec-1 (FrameworkServlet.java:525) - Initializing Servlet 'dispatcherServlet'
2019-10-15 02:13:50,849:INFO http-nio-16666-exec-1 (FrameworkServlet.java:547) - Completed initialization in 5 ms
2019-10-15 02:13:51,001:INFO http-nio-16666-exec-1 (DruidDataSource.java:947) - {dataSource-1} inited
2019-10-15 02:15:40,088:INFO main (StartupInfoLogger.java:50) - Starting DriverFriendApplicationTests on zdh with PID 76117 (started by hunter in /Users/hunter/Downloads/driverFriend)
2019-10-15 02:15:40,094:INFO main (SpringApplication.java:652) - The following profiles are active: local
2019-10-15 02:15:40,945:INFO main (PostProcessorRegistrationDelegate.java:330) - Bean 'org.springframework.transaction.annotation.ProxyTransactionManagementConfiguration' of type [org.springframework.transaction.annotation.ProxyTransactionManagementConfiguration$$EnhancerBySpringCGLIB$$8f1aef36] is not eligible for getting processed by all BeanPostProcessors (for example: not eligible for auto-proxying)
2019-10-15 02:15:42,084:INFO main (ExecutorConfigurationSupport.java:171) - Initializing ExecutorService 'applicationTaskExecutor'
2019-10-15 02:15:42,530:INFO main (StartupInfoLogger.java:59) - Started DriverFriendApplicationTests in 2.868 seconds (JVM running for 3.818)
2019-10-15 02:15:42,824:INFO Thread-3 (ExecutorConfigurationSupport.java:208) - Shutting down ExecutorService 'applicationTaskExecutor'
2019-10-15 02:15:53,031:INFO main (StartupInfoLogger.java:50) - Starting DriverFriendApplicationTests on zdh with PID 76159 (started by hunter in /Users/hunter/Downloads/driverFriend)
2019-10-15 02:15:53,037:INFO main (SpringApplication.java:652) - The following profiles are active: local
2019-10-15 02:15:53,770:INFO main (PostProcessorRegistrationDelegate.java:330) - Bean 'org.springframework.transaction.annotation.ProxyTransactionManagementConfiguration' of type [org.springframework.transaction.annotation.ProxyTransactionManagementConfiguration$$EnhancerBySpringCGLIB$$b19116ba] is not eligible for getting processed by all BeanPostProcessors (for example: not eligible for auto-proxying)
2019-10-15 02:15:54,792:INFO main (ExecutorConfigurationSupport.java:171) - Initializing ExecutorService 'applicationTaskExecutor'
2019-10-15 02:15:55,200:INFO main (StartupInfoLogger.java:59) - Started DriverFriendApplicationTests in 2.678 seconds (JVM running for 3.584)
2019-10-15 02:15:55,397:INFO Thread-3 (ExecutorConfigurationSupport.java:208) - Shutting down ExecutorService 'applicationTaskExecutor'
